#
# A fatal error has been detected by the Java Runtime Environment:
#
#  EXCEPTION_ACCESS_VIOLATION (0xc0000005) at pc=0x000001ffa0be6624, pid=13404, tid=13492
#
# JRE version: Java(TM) SE Runtime Environment (21.0.6+8) (build 21.0.6+8-LTS-188)
# Java VM: Java HotSpot(TM) 64-Bit Server VM (21.0.6+8-LTS-188, mixed mode, sharing, tiered, compressed oops, compressed class ptrs, g1 gc, windows-amd64)
# Problematic frame:
# v  ~BufferBlob::MethodHandles adapters 0x000001ffa0be6624
#
# No core dump will be written. Minidumps are not enabled by default on client versions of Windows
#
# If you would like to submit a bug report, please visit:
#   https://bugreport.java.com/bugreport/crash.jsp
#

---------------  S U M M A R Y ------------

Command Line: -XX:+ShowCodeDetailsInExceptionMessages -agentlib:jdwp=transport=dt_socket,suspend=y,address=localhost:63759 -javaagent:D:\wmw\ferramentas\jee-2023-03\eclipse\configuration\org.eclipse.osgi\1345\0\.cp\lib\javaagent-shaded.jar -Dfile.encoding=UTF-8 br.com.bellaface.vendas.VendasApplication

Host: Intel(R) Core(TM) i7-7700 CPU @ 3.60GHz, 8 cores, 23G,  Windows 10 , 64 bit Build 19041 (10.0.19041.5915)
Time: Wed Jun 18 19:59:34 2025 Hora oficial do Brasil elapsed time: 985.931393 seconds (0d 0h 16m 25s)

---------------  T H R E A D  ---------------

Current thread (0x000001fffd590620):  JavaThread "http-nio-0.0.0.0-8085-exec-2" daemon [_thread_in_Java, id=13492, stack(0x0000005f42300000,0x0000005f42400000) (1024K)]

Stack: [0x0000005f42300000,0x0000005f42400000],  sp=0x0000005f423fb858,  free space=1006k
Native frames: (J=compiled Java code, j=interpreted, Vv=VM code, C=native code)
C  0x000001ffa0be6624

The last pc belongs to _linkToVirtual (printed below).

siginfo: EXCEPTION_ACCESS_VIOLATION (0xc0000005), reading address 0xffffffffffffffff


Registers:
RAX=0x000001ffa0b996b9, RBX=0x000000068542d328, RCX=0x0000005f423fb868, RDX=0x0000000000000003
RSP=0x0000005f423fb858, RBP=0x0000005f423fb8b0, RSI=0x000001fff9f85a18, RDI=0x000001fffc5c5290
R8 =0x0000000000000004, R9 =0x0000000000000004, R10=0x00000200a9919a73, R11=0xd0a85d4a00000003
R12=0x0000000000000000, R13=0x0000005f423fb858, R14=0x0000005f423fb8d8, R15=0x000001fffd590620
RIP=0x000001ffa0be6624, EFLAGS=0x0000000000010202


Register to memory mapping:

RAX=0x000001ffa0b996b9 is at code_begin+4665 in an Interpreter codelet
return entry points  [0x000001ffa0b98480, 0x000001ffa0b9a590]  8464 bytes
RBX=0x000000068542d328 is an oop: java.util.ArrayList 
{0x000000068542d328} - klass: 'java/util/ArrayList'
 - ---- fields (total size 3 words):
 - protected transient 'modCount' 'I' @12  3 (0x00000003)
 - private 'size' 'I' @16  3 (0x00000003)
 - transient 'elementData' '[Ljava/lang/Object;' @20  a 'java/lang/Object'[10] {0x000000068542ea50} (0xd0a85d4a)
RCX=0x0000005f423fb868 is pointing into the stack for thread: 0x000001fffd590620
RDX=0x0000000000000003 is an unknown value
RSP=0x0000005f423fb858 is pointing into the stack for thread: 0x000001fffd590620
RBP=0x0000005f423fb8b0 is pointing into the stack for thread: 0x000001fffd590620
RSI=0x000001fff9f85a18 points into unknown readable memory: 0x880018fd5acd113c | 3c 11 cd 5a fd 18 00 88
RDI=0x000001fffc5c5290 points into unknown readable memory: 0x0000002000000070 | 70 00 00 00 20 00 00 00
R8 =0x0000000000000004 is an unknown value
R9 =0x0000000000000004 is an unknown value
R10=0x00000200a9919a73 is an unknown value
R11=0xd0a85d4a00000003 is an unknown value
R12=0x0 is null
R13=0x0000005f423fb858 is pointing into the stack for thread: 0x000001fffd590620
R14=0x0000005f423fb8d8 is pointing into the stack for thread: 0x000001fffd590620
R15=0x000001fffd590620 is a thread

Top of Stack: (sp=0x0000005f423fb858)
0x0000005f423fb858:   000001ffa0b996b9 0000000684a322f0
0x0000005f423fb868:   0000005f423fb868 000001fff5919a73
0x0000005f423fb878:   0000000000000005 000001fff5919bc0
0x0000005f423fb888:   000001fff5919e88 000000068232d248
0x0000005f423fb898:   000001fff5919a80 0000005f423fb858
0x0000005f423fb8a8:   0000005f423fb8e0 00000000d0a85a65
0x0000005f423fb8b8:   000001ff9a1f300f 000000068542fbd8
0x0000005f423fb8c8:   000000068542d328 0000000684a322f0
0x0000005f423fb8d8:   000000068542fd28 00000000000010e3
0x0000005f423fb8e8:   000001ffa114f9a9 0000005f423fb8f0
0x0000005f423fb8f8:   000001ffb4043c80 0000000685430278
0x0000005f423fb908:   000000068542d328 0000000684a322f0
0x0000005f423fb918:   0000000685430228 0000000684a322f0
0x0000005f423fb928:   000000068542fef0 000000068542fd28
0x0000005f423fb938:   000000068542d328 000001ff9a1f2ea4
0x0000005f423fb948:   000000068542f338 00000000d0a85a65
0x0000005f423fb958:   000001ffa16c5cc3 0000000684895218
0x0000005f423fb968:   0000000685430278 d0781e8c00000000
0x0000005f423fb978:   0000000684a322f0 000000068541aca0
0x0000005f423fb988:   00000006832d6910 00000006854302a8
0x0000005f423fb998:   0000000683c0f460 0000000683c0f460
0x0000005f423fb9a8:   000000068541aca0 0000000000000000
0x0000005f423fb9b8:   00000006832db510 000001fff87005d0
0x0000005f423fb9c8:   00000006d0a85a65 0000005f423fb9d0
0x0000005f423fb9d8:   000001fff8526140 0000000000000002
0x0000005f423fb9e8:   000001fff852c138 0000000000000000
0x0000005f423fb9f8:   00000006827c1628 000001ffa16c45b4
0x0000005f423fba08:   0000000000000000 0000005f423fba80
0x0000005f423fba18:   000001ffa0b996b9 000000068541aca0
0x0000005f423fba28:   0000000684a322f0 0000000684895218
0x0000005f423fba38:   0000005f423fba38 000001fff86e1d8f
0x0000005f423fba48:   0000000000000009 000001fff8c12b88 

Instructions: (pc=0x000001ffa0be6624)
0x000001ffa0be6524:   ff 01 00 00 80 65 be a0 ff 01 00 00 00 76 be a0
0x000001ffa0be6534:   ff 01 00 00 70 65 be a0 ff 01 00 00 70 65 be a0
0x000001ffa0be6544:   ff 01 00 00 00 00 00 00 00 00 00 00 10 4f 76 a7
0x000001ffa0be6554:   fd 7f 00 00 f0 10 00 00 60 00 00 00 ff ff ff ff
0x000001ffa0be6564:   f0 10 00 00 00 00 00 00 00 00 00 00 00 00 00 00
0x000001ffa0be6574:   00 00 00 00 00 00 00 00 00 00 00 00 f4 66 66 66
0x000001ffa0be6584:   0f 1f 84 00 00 00 00 00 66 66 66 90 66 66 66 0f
0x000001ffa0be6594:   1f 84 00 00 00 00 00 66 66 66 90 90 48 8b 53 08
0x000001ffa0be65a4:   0f b7 52 2e 48 8b 0c d4 8b 59 14 48 c1 e3 03 8b
0x000001ffa0be65b4:   5b 28 48 c1 e3 03 8b 5b 24 48 c1 e3 03 48 8b 5b
0x000001ffa0be65c4:   10 48 85 db 0f 84 10 00 00 00 41 80 bf d8 05 00
0x000001ffa0be65d4:   00 00 74 03 ff 63 38 ff 63 50 e9 1d c0 fd ff 66
0x000001ffa0be65e4:   66 66 0f 1f 84 00 00 00 00 00 66 66 66 90 66 66
0x000001ffa0be65f4:   0f 1f 84 00 00 00 00 00 66 66 66 90 48 8b 53 08
0x000001ffa0be6604:   0f b7 52 2e 48 8b 0c d4 58 5b 50 44 8b 51 08 49
0x000001ffa0be6614:   bb 00 00 00 b4 ff 01 00 00 4d 03 d3 4c 8b 5b 10
0x000001ffa0be6624:   4b 8b 9c da c0 01 00 00 48 85 db 0f 84 10 00 00
0x000001ffa0be6634:   00 41 80 bf d8 05 00 00 00 74 03 ff 63 38 ff 63
0x000001ffa0be6644:   50 e9 b6 bf fd ff 66 66 66 0f 1f 84 00 00 00 00
0x000001ffa0be6654:   00 66 66 66 90 0f 1f 80 00 00 00 00 58 5b 50 8b
0x000001ffa0be6664:   5b 24 48 c1 e3 03 48 8b 5b 10 48 85 db 0f 84 10
0x000001ffa0be6674:   00 00 00 41 80 bf d8 05 00 00 00 74 03 ff 63 38
0x000001ffa0be6684:   ff 63 50 e9 74 bf fd ff 66 66 66 0f 1f 84 00 00
0x000001ffa0be6694:   00 00 00 66 66 66 90 0f 1f 44 00 00 48 8b 53 08
0x000001ffa0be66a4:   0f b7 52 2e 48 8b 0c d4 58 5b 50 48 3b 01 8b 5b
0x000001ffa0be66b4:   24 48 c1 e3 03 48 8b 5b 10 48 85 db 0f 84 10 00
0x000001ffa0be66c4:   00 00 41 80 bf d8 05 00 00 00 74 03 ff 63 38 ff
0x000001ffa0be66d4:   63 50 e9 25 bf fd ff 0f 1f 44 00 00 48 8b 53 08
0x000001ffa0be66e4:   0f b7 52 2e 48 8b 0c d4 58 5b 50 44 8b 51 08 49
0x000001ffa0be66f4:   bb 00 00 00 b4 ff 01 00 00 4d 03 d3 8b 43 18 48
0x000001ffa0be6704:   c1 e0 03 48 8b 40 10 48 8b 5b 10 45 8b 9a a0 00
0x000001ffa0be6714:   00 00 4f 8d 9c da c0 01 00 00 4d 8d 14 da 49 8b 


Stack slot to memory mapping:

stack at sp + 0 slots: 0x000001ffa0b996b9 is at code_begin+4665 in an Interpreter codelet
return entry points  [0x000001ffa0b98480, 0x000001ffa0b9a590]  8464 bytes
stack at sp + 1 slots: 0x0000000684a322f0 is an oop: br.com.bellaface.vendas.controller.itemPedido.ItemPedidoController 
{0x0000000684a322f0} - klass: 'br/com/bellaface/vendas/controller/itemPedido/ItemPedidoController'
 - ---- fields (total size 3 words):
 - private 'itemPedidoRepository' 'Lbr/com/bellaface/vendas/repository/itemPedido/ItemPedidoRepository;' @12  a 'jdk/proxy20/$Proxy199'{0x00000006849f2e40} (0xd093e5c8)
 - private 'itemPedidoService' 'Lbr/com/bellaface/vendas/service/itemPedido/ItemPedidoService;' @16  a 'br/com/bellaface/vendas/service/itemPedido/ItemPedidoService'{0x0000000684a32308} (0xd0946461)
stack at sp + 2 slots: 0x0000005f423fb868 is pointing into the stack for thread: 0x000001fffd590620
stack at sp + 3 slots: 0x000001fff5919a73 is pointing into metadata
stack at sp + 4 slots: 0x0000000000000005 is an unknown value
stack at sp + 5 slots: 0x000001fff5919bc0 is pointing into metadata
stack at sp + 6 slots: 0x000001fff5919e88 is pointing into metadata
stack at sp + 7 slots: 0x000000068232d248 is an oop: java.lang.Class 
{0x000000068232d248} - klass: 'java/lang/Class'
 - ---- fields (total size 15 words):
 - private volatile transient 'classRedefinedCount' 'I' @12  0 (0x00000000)
 - injected 'klass' 'J' @16  2197766330368 (0x000001ffb514d800)
 - injected 'array_klass' 'J' @24  0 (0x0000000000000000)
 - injected 'oop_size' 'I' @32  15 (0x0000000f)
 - injected 'static_oop_field_count' 'I' @36  1 (0x00000001)
 - private volatile transient 'cachedConstructor' 'Ljava/lang/reflect/Constructor;' @40  null (0x00000000)
 - private transient 'name' 'Ljava/lang/String;' @44  null (0x00000000)
 - private transient 'module' 'Ljava/lang/Module;' @48  a 'java/lang/Module'{0x0000000681f63d58} (0xd03ec7ab)
 - private final 'classLoader' 'Ljava/lang/ClassLoader;' @52  null (0x00000000)
 - private transient 'classData' 'Ljava/lang/Object;' @56  a 'java/lang/invoke/LambdaForm'{0x000000068233afd0} => a 'java/lang/invoke/MemberName'{0x000000068233b100} = {method} {0x000001fff5919a88} 'invokeVirtual' '(Ljava/lang/Object;Ljava/lang/Object;Ljava/lang/Object;)Ljava/lang/Object;' in 'java/lang/invoke/LambdaForm$DMH+0x000001ffb514d800' (0xd04675fa)
 - private transient 'packageName' 'Ljava/lang/String;' @60  null (0x00000000)
 - private final 'componentType' 'Ljava/lang/Class;' @64  null (0x00000000)
 - private volatile transient 'reflectionData' 'Ljava/lang/ref/SoftReference;' @68  null (0x00000000)
 - private volatile transient 'genericInfo' 'Lsun/reflect/generics/repository/ClassRepository;' @72  null (0x00000000)
 - private volatile transient 'enumConstants' '[Ljava/lang/Object;' @76  null (0x00000000)
 - private volatile transient 'enumConstantDirectory' 'Ljava/util/Map;' @80  null (0x00000000)
 - private volatile transient 'annotationData' 'Ljava/lang/Class$AnnotationData;' @84  null (0x00000000)
 - private volatile transient 'annotationType' 'Lsun/reflect/annotation/AnnotationType;' @88  null (0x00000000)
 - transient 'classValueMap' 'Ljava/lang/ClassValue$ClassValueMap;' @92  null (0x00000000)
 - injected 'protection_domain' 'Ljava/lang/Object;' @96  null (0x00000000)
 - injected 'signers_name' 'Ljava/lang/Object;' @100  null (0x00000000)
 - injected 'source_file' 'Ljava/lang/Object;' @104  null (0x00000000)
 - injected '<init_lock>' 'Ljava/lang/Object;' @108  null (0x00000000)
 - signature: Ljava/lang/invoke/LambdaForm$DMH+0x000001ffb514d800;
 - ---- static fields (1):
 - static final '_D_0' 'Ljava/lang/invoke/LambdaForm;' @112  a 'java/lang/invoke/LambdaForm'{0x000000068233afd0} => a 'java/lang/invoke/MemberName'{0x000000068233b100} = {method} {0x000001fff5919a88} 'invokeVirtual' '(Ljava/lang/Object;Ljava/lang/Object;Ljava/lang/Object;)Ljava/lang/Object;' in 'java/lang/invoke/LambdaForm$DMH+0x000001ffb514d800' (0xd04675fa)

MethodHandle::interpreter_entry::_linkToVirtual [0x000001ffa0be65e3, 0x000001ffa0be664a] (103 bytes)
[MachCode]
  0x000001ffa0be65e3: 6666 660f | 1f84 0000 | 0000 0066 | 6666 9066 | 660f 1f84 | 0000 0000 | 0066 6666 | 9048 8b53 
  0x000001ffa0be6603: 080f b752 | 2e48 8b0c | d458 5b50 | 448b 5108 | 49bb 0000 | 00b4 ff01 | 0000 4d03 | d34c 8b5b 
  0x000001ffa0be6623: 104b 8b9c | dac0 0100 | 0048 85db | 0f84 1000 | 0000 4180 | bfd8 0500 | 0000 7403 | ff63 38ff 
  0x000001ffa0be6643: 6350 e9b6 | 
[/MachCode]

---------------  P R O C E S S  ---------------

Threads class SMR info:
_java_thread_list=0x000001fffa623e40, length=33, elements={
0x000001ffb330d910, 0x000001ffb3310a30, 0x000001ffb3312a00, 0x000001ffb33146e0,
0x000001ffb3315130, 0x000001ffb3321090, 0x000001ffb3323e20, 0x000001ffb33264d0,
0x000001ffb3555ed0, 0x000001ffb3634f50, 0x000001ffb35ffd80, 0x000001ffb36f5670,
0x000001ffb3555840, 0x000001fffd58f270, 0x000001ff8108aeb0, 0x000001ff81088de0,
0x000001fffd58f900, 0x000001fffd589000, 0x000001fffd58cb10, 0x000001fffd58d830,
0x000001fffd58ff90, 0x000001fffd590620, 0x000001fffd58a3b0, 0x000001fffd58b760,
0x000001fffd58aa40, 0x000001fffd58d1a0, 0x000001fffd589690, 0x000001fffd58dec0,
0x000001fffd58b0d0, 0x000001ffb3552a50, 0x000001ffb35530e0, 0x000001ffb3553e00,
0x000001ffb3554490
}

Java Threads: ( => current thread )
  0x000001ffb330d910 JavaThread "Reference Handler"          daemon [_thread_blocked, id=18768, stack(0x0000005f40100000,0x0000005f40200000) (1024K)]
  0x000001ffb3310a30 JavaThread "Finalizer"                  daemon [_thread_blocked, id=19928, stack(0x0000005f40200000,0x0000005f40300000) (1024K)]
  0x000001ffb3312a00 JavaThread "Signal Dispatcher"          daemon [_thread_blocked, id=29612, stack(0x0000005f40300000,0x0000005f40400000) (1024K)]
  0x000001ffb33146e0 JavaThread "Attach Listener"            daemon [_thread_blocked, id=29296, stack(0x0000005f40400000,0x0000005f40500000) (1024K)]
  0x000001ffb3315130 JavaThread "Service Thread"             daemon [_thread_blocked, id=13228, stack(0x0000005f40500000,0x0000005f40600000) (1024K)]
  0x000001ffb3321090 JavaThread "Monitor Deflation Thread"   daemon [_thread_blocked, id=7196, stack(0x0000005f40600000,0x0000005f40700000) (1024K)]
  0x000001ffb3323e20 JavaThread "C2 CompilerThread0"         daemon [_thread_blocked, id=22248, stack(0x0000005f40700000,0x0000005f40800000) (1024K)]
  0x000001ffb33264d0 JavaThread "C1 CompilerThread0"         daemon [_thread_blocked, id=21608, stack(0x0000005f40800000,0x0000005f40900000) (1024K)]
  0x000001ffb3555ed0 JavaThread "Common-Cleaner"             daemon [_thread_blocked, id=13300, stack(0x0000005f40900000,0x0000005f40a00000) (1024K)]
  0x000001ffb3634f50 JavaThread "JDWP Transport Listener: dt_socket" daemon [_thread_blocked, id=28836, stack(0x0000005f40a00000,0x0000005f40b00000) (1024K)]
  0x000001ffb35ffd80 JavaThread "JDWP Event Helper Thread"   daemon [_thread_blocked, id=27616, stack(0x0000005f40b00000,0x0000005f40c00000) (1024K)]
  0x000001ffb36f5670 JavaThread "JDWP Command Reader"        daemon [_thread_in_native, id=20364, stack(0x0000005f40c00000,0x0000005f40d00000) (1024K)]
  0x000001ffb3555840 JavaThread "Notification Thread"        daemon [_thread_blocked, id=20392, stack(0x0000005f40f00000,0x0000005f41000000) (1024K)]
  0x000001fffd58f270 JavaThread "DestroyJavaVM"                     [_thread_blocked, id=22360, stack(0x0000005f3f900000,0x0000005f3fa00000) (1024K)]
  0x000001ff8108aeb0 JavaThread "File Watcher"               daemon [_thread_blocked, id=11560, stack(0x0000005f41700000,0x0000005f41800000) (1024K)]
  0x000001ff81088de0 JavaThread "PostgreSQL-JDBC-Cleaner"    daemon [_thread_blocked, id=468, stack(0x0000005f41b00000,0x0000005f41c00000) (1024K)]
  0x000001fffd58f900 JavaThread "HikariPool-9:housekeeper"   daemon [_thread_blocked, id=20816, stack(0x0000005f41c00000,0x0000005f41d00000) (1024K)]
  0x000001fffd589000 JavaThread "Catalina-utility-1"                [_thread_blocked, id=21732, stack(0x0000005f41e00000,0x0000005f41f00000) (1024K)]
  0x000001fffd58cb10 JavaThread "Catalina-utility-2"                [_thread_blocked, id=4444, stack(0x0000005f41f00000,0x0000005f42000000) (1024K)]
  0x000001fffd58d830 JavaThread "container-1"                       [_thread_blocked, id=17524, stack(0x0000005f42000000,0x0000005f42100000) (1024K)]
  0x000001fffd58ff90 JavaThread "http-nio-0.0.0.0-8085-exec-1" daemon [_thread_blocked, id=17212, stack(0x0000005f42200000,0x0000005f42300000) (1024K)]
=>0x000001fffd590620 JavaThread "http-nio-0.0.0.0-8085-exec-2" daemon [_thread_in_Java, id=13492, stack(0x0000005f42300000,0x0000005f42400000) (1024K)]
  0x000001fffd58a3b0 JavaThread "http-nio-0.0.0.0-8085-exec-3" daemon [_thread_blocked, id=26300, stack(0x0000005f42400000,0x0000005f42500000) (1024K)]
  0x000001fffd58b760 JavaThread "http-nio-0.0.0.0-8085-exec-4" daemon [_thread_blocked, id=8052, stack(0x0000005f42500000,0x0000005f42600000) (1024K)]
  0x000001fffd58aa40 JavaThread "http-nio-0.0.0.0-8085-exec-5" daemon [_thread_blocked, id=28388, stack(0x0000005f42600000,0x0000005f42700000) (1024K)]
  0x000001fffd58d1a0 JavaThread "http-nio-0.0.0.0-8085-exec-6" daemon [_thread_blocked, id=29312, stack(0x0000005f42700000,0x0000005f42800000) (1024K)]
  0x000001fffd589690 JavaThread "http-nio-0.0.0.0-8085-exec-7" daemon [_thread_blocked, id=5816, stack(0x0000005f42800000,0x0000005f42900000) (1024K)]
  0x000001fffd58dec0 JavaThread "http-nio-0.0.0.0-8085-exec-8" daemon [_thread_blocked, id=7124, stack(0x0000005f42900000,0x0000005f42a00000) (1024K)]
  0x000001fffd58b0d0 JavaThread "http-nio-0.0.0.0-8085-exec-9" daemon [_thread_blocked, id=15228, stack(0x0000005f42a00000,0x0000005f42b00000) (1024K)]
  0x000001ffb3552a50 JavaThread "http-nio-0.0.0.0-8085-exec-10" daemon [_thread_blocked, id=4892, stack(0x0000005f42b00000,0x0000005f42c00000) (1024K)]
  0x000001ffb35530e0 JavaThread "http-nio-0.0.0.0-8085-Poller" daemon [_thread_in_native, id=22016, stack(0x0000005f42c00000,0x0000005f42d00000) (1024K)]
  0x000001ffb3553e00 JavaThread "Thread-32"                         [_thread_blocked, id=6804, stack(0x0000005f3f600000,0x0000005f3f700000) (1024K)]
  0x000001ffb3554490 JavaThread "tomcat-shutdown"                   [_thread_blocked, id=25384, stack(0x0000005f3f700000,0x0000005f3f800000) (1024K)]
Total: 33

Other Threads:
  0x000001ffb32f91b0 VMThread "VM Thread"                           [id=24612, stack(0x0000005f40000000,0x0000005f40100000) (1024K)]
  0x000001ffb32e3c90 WatcherThread "VM Periodic Task Thread"        [id=16272, stack(0x0000005f3ff00000,0x0000005f40000000) (1024K)]
  0x000001ff8fa9f7e0 WorkerThread "GC Thread#0"                     [id=29504, stack(0x0000005f3fa00000,0x0000005f3fb00000) (1024K)]
  0x000001fff94aae30 WorkerThread "GC Thread#1"                     [id=20416, stack(0x0000005f41000000,0x0000005f41100000) (1024K)]
  0x000001fff94ab1d0 WorkerThread "GC Thread#2"                     [id=24904, stack(0x0000005f41100000,0x0000005f41200000) (1024K)]
  0x000001fff94ab570 WorkerThread "GC Thread#3"                     [id=20984, stack(0x0000005f41200000,0x0000005f41300000) (1024K)]
  0x000001fff98c7f70 WorkerThread "GC Thread#4"                     [id=20872, stack(0x0000005f41300000,0x0000005f41400000) (1024K)]
  0x000001fff9596090 WorkerThread "GC Thread#5"                     [id=11676, stack(0x0000005f41400000,0x0000005f41500000) (1024K)]
  0x000001fff9596c40 WorkerThread "GC Thread#6"                     [id=3244, stack(0x0000005f41500000,0x0000005f41600000) (1024K)]
  0x000001fff9596fe0 WorkerThread "GC Thread#7"                     [id=16680, stack(0x0000005f41600000,0x0000005f41700000) (1024K)]
  0x000001ff8faade40 ConcurrentGCThread "G1 Main Marker"            [id=29648, stack(0x0000005f3fb00000,0x0000005f3fc00000) (1024K)]
  0x000001ff8faae750 WorkerThread "G1 Conc#0"                       [id=28632, stack(0x0000005f3fc00000,0x0000005f3fd00000) (1024K)]
  0x000001fff99b9c30 WorkerThread "G1 Conc#1"                       [id=1228, stack(0x0000005f41900000,0x0000005f41a00000) (1024K)]
  0x000001ffb31b1e00 ConcurrentGCThread "G1 Refine#0"               [id=27060, stack(0x0000005f3fd00000,0x0000005f3fe00000) (1024K)]
  0x000001ffb31b2780 ConcurrentGCThread "G1 Service"                [id=12820, stack(0x0000005f3fe00000,0x0000005f3ff00000) (1024K)]
Total: 15

Threads with active compile tasks:
Total: 0

VM state: not at safepoint (normal execution)

VM Mutex/Monitor currently owned by a thread: None

Heap address: 0x0000000681c00000, size: 6116 MB, Compressed Oops mode: Zero based, Oop shift amount: 3

CDS archive(s) mapped at: [0x000001ffb4000000-0x000001ffb4c90000-0x000001ffb4c90000), size 13172736, SharedBaseAddress: 0x000001ffb4000000, ArchiveRelocationMode: 1.
Compressed class space mapped at: 0x000001ffb5000000-0x000001fff5000000, reserved size: 1073741824
Narrow klass base: 0x000001ffb4000000, Narrow klass shift: 0, Narrow klass range: 0x100000000

GC Precious Log:
 CardTable entry size: 512
 Card Set container configuration: InlinePtr #cards 4 size 8 Array Of Cards #cards 32 size 80 Howl #buckets 8 coarsen threshold 7372 Howl Bitmap #cards 1024 size 144 coarsen threshold 921 Card regions per heap region 1 cards per card region 8192
 CPUs: 8 total, 8 available
 Memory: 24459M
 Large Page Support: Disabled
 NUMA Support: Disabled
 Compressed Oops: Enabled (Zero based)
 Heap Region Size: 4M
 Heap Min Capacity: 8M
 Heap Initial Capacity: 384M
 Heap Max Capacity: 6116M
 Pre-touch: Disabled
 Parallel Workers: 8
 Concurrent Workers: 2
 Concurrent Refinement Workers: 8
 Periodic GC: Disabled

Heap:
 garbage-first heap   total 77824K, used 51118K [0x0000000681c00000, 0x0000000800000000)
  region size 4096K, 6 young (24576K), 1 survivors (4096K)
 Metaspace       used 79495K, committed 80384K, reserved 1179648K
  class space    used 10132K, committed 10560K, reserved 1048576K

Heap Regions: E=young(eden), S=young(survivor), O=old, HS=humongous(starts), HC=humongous(continues), CS=collection set, F=free, TAMS=top-at-mark-start, PB=parsable bottom
|   0|0x0000000681c00000, 0x0000000682000000, 0x0000000682000000|100%| O|  |TAMS 0x0000000681c00000| PB 0x0000000681c00000| Untracked 
|   1|0x0000000682000000, 0x00000006823fffc0, 0x0000000682400000| 99%| O|  |TAMS 0x0000000682000000| PB 0x0000000682000000| Untracked 
|   2|0x0000000682400000, 0x00000006827fffc8, 0x0000000682800000| 99%| O|  |TAMS 0x0000000682400000| PB 0x0000000682400000| Untracked 
|   3|0x0000000682800000, 0x0000000682bfffb0, 0x0000000682c00000| 99%| O|  |TAMS 0x0000000682800000| PB 0x0000000682800000| Untracked 
|   4|0x0000000682c00000, 0x0000000682ffffe0, 0x0000000683000000| 99%| O|  |TAMS 0x0000000682c00000| PB 0x0000000682c00000| Untracked 
|   5|0x0000000683000000, 0x0000000683400000, 0x0000000683400000|100%| O|  |TAMS 0x0000000683000000| PB 0x0000000683000000| Untracked 
|   6|0x0000000683400000, 0x00000006837ffff0, 0x0000000683800000| 99%| O|  |TAMS 0x0000000683400000| PB 0x0000000683400000| Untracked 
|   7|0x0000000683800000, 0x0000000683864508, 0x0000000683c00000|  9%| O|Cm|TAMS 0x0000000683800000| PB 0x0000000683800000| Complete 
|   8|0x0000000683c00000, 0x0000000683f161a0, 0x0000000684000000| 77%| O|  |TAMS 0x0000000683c00000| PB 0x0000000683c00000| Untracked 
|   9|0x0000000684000000, 0x0000000684000000, 0x0000000684400000|  0%| F|  |TAMS 0x0000000684000000| PB 0x0000000684000000| Untracked 
|  10|0x0000000684400000, 0x0000000684400000, 0x0000000684800000|  0%| F|  |TAMS 0x0000000684400000| PB 0x0000000684400000| Untracked 
|  11|0x0000000684800000, 0x0000000684a71560, 0x0000000684c00000| 61%| S|CS|TAMS 0x0000000684800000| PB 0x0000000684800000| Complete 
|  12|0x0000000684c00000, 0x0000000684c00000, 0x0000000685000000|  0%| F|  |TAMS 0x0000000684c00000| PB 0x0000000684c00000| Untracked 
|  13|0x0000000685000000, 0x0000000685000000, 0x0000000685400000|  0%| F|  |TAMS 0x0000000685000000| PB 0x0000000685000000| Untracked 
|  14|0x0000000685400000, 0x0000000685627160, 0x0000000685800000| 53%| E|  |TAMS 0x0000000685400000| PB 0x0000000685400000| Complete 
|  15|0x0000000685800000, 0x0000000685c00000, 0x0000000685c00000|100%| E|CS|TAMS 0x0000000685800000| PB 0x0000000685800000| Complete 
|  79|0x0000000695800000, 0x0000000695c00000, 0x0000000695c00000|100%| E|CS|TAMS 0x0000000695800000| PB 0x0000000695800000| Complete 
|  80|0x0000000695c00000, 0x0000000696000000, 0x0000000696000000|100%| E|CS|TAMS 0x0000000695c00000| PB 0x0000000695c00000| Complete 
|  95|0x0000000699800000, 0x0000000699c00000, 0x0000000699c00000|100%| E|CS|TAMS 0x0000000699800000| PB 0x0000000699800000| Complete 

Card table byte_map: [0x000001ffa9cd0000,0x000001ffaa8d0000] _byte_map_base: 0x000001ffa68c2000

Marking Bits: (CMBitMap*) 0x000001ff8fa9fcf0
 Bits: [0x000001ffaa8d0000, 0x000001ffb0860000)

Polling page: 0x000001ff8f8c0000

Metaspace:

Usage:
  Non-class:     67.74 MB used.
      Class:      9.90 MB used.
       Both:     77.63 MB used.

Virtual space:
  Non-class space:      128.00 MB reserved,      68.19 MB ( 53%) committed,  2 nodes.
      Class space:        1.00 GB reserved,      10.31 MB (  1%) committed,  1 nodes.
             Both:        1.12 GB reserved,      78.50 MB (  7%) committed. 

Chunk freelists:
   Non-Class:  11.77 MB
       Class:  5.61 MB
        Both:  17.38 MB

MaxMetaspaceSize: unlimited
CompressedClassSpaceSize: 1.00 GB
Initial GC threshold: 21.00 MB
Current GC threshold: 129.69 MB
CDS: on
 - commit_granule_bytes: 65536.
 - commit_granule_words: 8192.
 - virtual_space_node_default_size: 8388608.
 - enlarge_chunks_in_place: 1.
 - use_allocation_guard: 0.


Internal statistics:

num_allocs_failed_limit: 9.
num_arena_births: 1132.
num_arena_deaths: 14.
num_vsnodes_births: 3.
num_vsnodes_deaths: 0.
num_space_committed: 1256.
num_space_uncommitted: 0.
num_chunks_returned_to_freelist: 40.
num_chunks_taken_from_freelist: 4246.
num_chunk_merges: 15.
num_chunk_splits: 2941.
num_chunks_enlarged: 2214.
num_inconsistent_stats: 0.

CodeHeap 'non-profiled nmethods': size=120000Kb used=7987Kb max_used=7987Kb free=112012Kb
 bounds [0x000001ffa1130000, 0x000001ffa1900000, 0x000001ffa8660000]
CodeHeap 'profiled nmethods': size=120000Kb used=15732Kb max_used=15732Kb free=104267Kb
 bounds [0x000001ff99660000, 0x000001ff9a5f0000, 0x000001ffa0b90000]
CodeHeap 'non-nmethods': size=5760Kb used=1733Kb max_used=1889Kb free=4026Kb
 bounds [0x000001ffa0b90000, 0x000001ffa0e00000, 0x000001ffa1130000]
 total_blobs=8343 nmethods=7636 adapters=608
 compilation: enabled
              stopped_count=0, restarted_count=0
 full_count=0

Compilation events (20 events):
Event: 967.888 Thread 0x000001ffb33264d0 nmethod 12075 0x000001ffa18fa190 code [0x000001ffa18fa320, 0x000001ffa18fa3f0]
Event: 967.888 Thread 0x000001ffb33264d0 12076       1       com.fasterxml.jackson.databind.JavaType::hashCode (5 bytes)
Event: 967.888 Thread 0x000001ffb33264d0 nmethod 12076 0x000001ffa18fa490 code [0x000001ffa18fa620, 0x000001ffa18fa6e8]
Event: 967.888 Thread 0x000001ffb33264d0 12067       1       org.apache.tomcat.util.http.MimeHeaderField::getValue (5 bytes)
Event: 967.888 Thread 0x000001ffb33264d0 nmethod 12067 0x000001ffa18fa790 code [0x000001ffa18fa920, 0x000001ffa18fa9f0]
Event: 967.888 Thread 0x000001ffb33264d0 12072       1       com.fasterxml.jackson.databind.cfg.BaseSettings::getAnnotationIntrospector (5 bytes)
Event: 967.888 Thread 0x000001ffb3323e20 nmethod 12053 0x000001ffa18faa90 code [0x000001ffa18fac80, 0x000001ffa18fb538]
Event: 967.888 Thread 0x000001ffb33264d0 nmethod 12072 0x000001ffa18fba10 code [0x000001ffa18fbba0, 0x000001ffa18fbc70]
Event: 967.889 Thread 0x000001ffb33264d0 12070       1       com.fasterxml.jackson.databind.util.internal.PrivateMaxEntriesMap$Node::getPrevious (5 bytes)
Event: 967.889 Thread 0x000001ffb33264d0 nmethod 12070 0x000001ffa18fbd10 code [0x000001ffa18fbea0, 0x000001ffa18fbf70]
Event: 967.889 Thread 0x000001ffb3323e20 12058       4       java.util.StringTokenizer::hasMoreTokens (29 bytes)
Event: 967.889 Thread 0x000001ffb33264d0 12066       3       org.springframework.security.web.firewall.StrictHttpFirewall::lambda$static$1 (11 bytes)
Event: 967.889 Thread 0x000001ffb33264d0 nmethod 12066 0x000001ff9a30cd10 code [0x000001ff9a30cee0, 0x000001ff9a30d0c8]
Event: 967.889 Thread 0x000001ffb33264d0 12073       1       com.fasterxml.jackson.databind.DeserializationContext::getConfig (5 bytes)
Event: 967.889 Thread 0x000001ffb33264d0 nmethod 12073 0x000001ffa18fc010 code [0x000001ffa18fc1a0, 0x000001ffa18fc270]
Event: 967.889 Thread 0x000001ffb33264d0 12063       3       org.apache.tomcat.util.http.ValuesEnumerator::<init> (32 bytes)
Event: 967.889 Thread 0x000001ffb33264d0 nmethod 12063 0x000001ff99d01290 code [0x000001ff99d01440, 0x000001ff99d016e0]
Event: 967.896 Thread 0x000001ffb3323e20 nmethod 12058 0x000001ffa18fc310 code [0x000001ffa18fc4e0, 0x000001ffa18fca30]
Event: 978.481 Thread 0x000001ffb33264d0 12077       3       java.net.NetworkInterface::isUp (12 bytes)
Event: 978.481 Thread 0x000001ffb33264d0 nmethod 12077 0x000001ff9a11c590 code [0x000001ff9a11c740, 0x000001ff9a11c890]

GC Heap History (20 events):
Event: 867.724 GC heap before
{Heap before GC invocations=30 (full 4):
 garbage-first heap   total 77824K, used 65255K [0x0000000681c00000, 0x0000000800000000)
  region size 4096K, 8 young (32768K), 1 survivors (4096K)
 Metaspace       used 77429K, committed 78336K, reserved 1179648K
  class space    used 10004K, committed 10432K, reserved 1048576K
}
Event: 867.728 GC heap after
{Heap after GC invocations=31 (full 4):
 garbage-first heap   total 77824K, used 38840K [0x0000000681c00000, 0x0000000800000000)
  region size 4096K, 1 young (4096K), 1 survivors (4096K)
 Metaspace       used 77429K, committed 78336K, reserved 1179648K
  class space    used 10004K, committed 10432K, reserved 1048576K
}
Event: 925.379 GC heap before
{Heap before GC invocations=31 (full 4):
 garbage-first heap   total 77824K, used 47032K [0x0000000681c00000, 0x0000000800000000)
  region size 4096K, 4 young (16384K), 1 survivors (4096K)
 Metaspace       used 77455K, committed 78336K, reserved 1179648K
  class space    used 10005K, committed 10432K, reserved 1048576K
}
Event: 925.512 GC heap after
{Heap after GC invocations=32 (full 5):
 garbage-first heap   total 77824K, used 28408K [0x0000000681c00000, 0x0000000800000000)
  region size 4096K, 0 young (0K), 0 survivors (0K)
 Metaspace       used 77417K, committed 78336K, reserved 1179648K
  class space    used 10002K, committed 10432K, reserved 1048576K
}
Event: 925.866 GC heap before
{Heap before GC invocations=32 (full 5):
 garbage-first heap   total 77824K, used 61176K [0x0000000681c00000, 0x0000000800000000)
  region size 4096K, 9 young (36864K), 0 survivors (0K)
 Metaspace       used 77588K, committed 78464K, reserved 1179648K
  class space    used 10018K, committed 10432K, reserved 1048576K
}
Event: 925.869 GC heap after
{Heap after GC invocations=33 (full 5):
 garbage-first heap   total 77824K, used 31949K [0x0000000681c00000, 0x0000000800000000)
  region size 4096K, 1 young (4096K), 1 survivors (4096K)
 Metaspace       used 77588K, committed 78464K, reserved 1179648K
  class space    used 10018K, committed 10432K, reserved 1048576K
}
Event: 926.234 GC heap before
{Heap before GC invocations=34 (full 5):
 garbage-first heap   total 77824K, used 64717K [0x0000000681c00000, 0x0000000800000000)
  region size 4096K, 9 young (36864K), 1 survivors (4096K)
 Metaspace       used 78080K, committed 78976K, reserved 1179648K
  class space    used 10044K, committed 10432K, reserved 1048576K
}
Event: 926.238 GC heap after
{Heap after GC invocations=35 (full 5):
 garbage-first heap   total 77824K, used 34940K [0x0000000681c00000, 0x0000000800000000)
  region size 4096K, 2 young (8192K), 2 survivors (8192K)
 Metaspace       used 78080K, committed 78976K, reserved 1179648K
  class space    used 10044K, committed 10432K, reserved 1048576K
}
Event: 940.927 GC heap before
{Heap before GC invocations=35 (full 5):
 garbage-first heap   total 77824K, used 39036K [0x0000000681c00000, 0x0000000800000000)
  region size 4096K, 4 young (16384K), 2 survivors (8192K)
 Metaspace       used 78135K, committed 78976K, reserved 1179648K
  class space    used 10044K, committed 10432K, reserved 1048576K
}
Event: 941.022 GC heap after
{Heap after GC invocations=36 (full 6):
 garbage-first heap   total 77824K, used 28748K [0x0000000681c00000, 0x0000000800000000)
  region size 4096K, 0 young (0K), 0 survivors (0K)
 Metaspace       used 78116K, committed 78976K, reserved 1179648K
  class space    used 10043K, committed 10432K, reserved 1048576K
}
Event: 941.390 GC heap before
{Heap before GC invocations=36 (full 6):
 garbage-first heap   total 77824K, used 57420K [0x0000000681c00000, 0x0000000800000000)
  region size 4096K, 8 young (32768K), 0 survivors (0K)
 Metaspace       used 78283K, committed 79168K, reserved 1179648K
  class space    used 10058K, committed 10432K, reserved 1048576K
}
Event: 941.393 GC heap after
{Heap after GC invocations=37 (full 6):
 garbage-first heap   total 77824K, used 32558K [0x0000000681c00000, 0x0000000800000000)
  region size 4096K, 1 young (4096K), 1 survivors (4096K)
 Metaspace       used 78283K, committed 79168K, reserved 1179648K
  class space    used 10058K, committed 10432K, reserved 1048576K
}
Event: 941.893 GC heap before
{Heap before GC invocations=38 (full 6):
 garbage-first heap   total 77824K, used 57134K [0x0000000681c00000, 0x0000000800000000)
  region size 4096K, 8 young (32768K), 1 survivors (4096K)
 Metaspace       used 78683K, committed 79616K, reserved 1179648K
  class space    used 10080K, committed 10496K, reserved 1048576K
}
Event: 941.896 GC heap after
{Heap after GC invocations=39 (full 6):
 garbage-first heap   total 77824K, used 34409K [0x0000000681c00000, 0x0000000800000000)
  region size 4096K, 1 young (4096K), 1 survivors (4096K)
 Metaspace       used 78683K, committed 79616K, reserved 1179648K
  class space    used 10080K, committed 10496K, reserved 1048576K
}
Event: 957.731 GC heap before
{Heap before GC invocations=39 (full 6):
 garbage-first heap   total 77824K, used 46697K [0x0000000681c00000, 0x0000000800000000)
  region size 4096K, 5 young (20480K), 1 survivors (4096K)
 Metaspace       used 78734K, committed 79680K, reserved 1179648K
  class space    used 10083K, committed 10496K, reserved 1048576K
}
Event: 957.830 GC heap after
{Heap after GC invocations=40 (full 7):
 garbage-first heap   total 77824K, used 29073K [0x0000000681c00000, 0x0000000800000000)
  region size 4096K, 0 young (0K), 0 survivors (0K)
 Metaspace       used 78715K, committed 79680K, reserved 1179648K
  class space    used 10081K, committed 10496K, reserved 1048576K
}
Event: 958.270 GC heap before
{Heap before GC invocations=40 (full 7):
 garbage-first heap   total 77824K, used 61841K [0x0000000681c00000, 0x0000000800000000)
  region size 4096K, 8 young (32768K), 0 survivors (0K)
 Metaspace       used 78870K, committed 79744K, reserved 1179648K
  class space    used 10096K, committed 10496K, reserved 1048576K
}
Event: 958.273 GC heap after
{Heap after GC invocations=41 (full 7):
 garbage-first heap   total 77824K, used 32415K [0x0000000681c00000, 0x0000000800000000)
  region size 4096K, 1 young (4096K), 1 survivors (4096K)
 Metaspace       used 78870K, committed 79744K, reserved 1179648K
  class space    used 10096K, committed 10496K, reserved 1048576K
}
Event: 958.636 GC heap before
{Heap before GC invocations=42 (full 7):
 garbage-first heap   total 77824K, used 61087K [0x0000000681c00000, 0x0000000800000000)
  region size 4096K, 8 young (32768K), 1 survivors (4096K)
 Metaspace       used 79246K, committed 80128K, reserved 1179648K
  class space    used 10118K, committed 10496K, reserved 1048576K
}
Event: 958.640 GC heap after
{Heap after GC invocations=43 (full 7):
 garbage-first heap   total 77824K, used 34734K [0x0000000681c00000, 0x0000000800000000)
  region size 4096K, 1 young (4096K), 1 survivors (4096K)
 Metaspace       used 79246K, committed 80128K, reserved 1179648K
  class space    used 10118K, committed 10496K, reserved 1048576K
}

Dll operation events (13 events):
Event: 0.135 Loaded shared library D:\wmw\ferramentas\java\jdk-21\bin\java.dll
Event: 0.162 Loaded shared library D:\wmw\ferramentas\java\jdk-21\bin\jsvml.dll
Event: 0.356 Loaded shared library D:\wmw\ferramentas\java\jdk-21\bin\zip.dll
Event: 0.360 Loaded shared library D:\wmw\ferramentas\java\jdk-21\bin\instrument.dll
Event: 0.364 Loaded shared library D:\wmw\ferramentas\java\jdk-21\bin\net.dll
Event: 0.364 Loaded shared library D:\wmw\ferramentas\java\jdk-21\bin\nio.dll
Event: 0.367 Loaded shared library D:\wmw\ferramentas\java\jdk-21\bin\zip.dll
Event: 0.502 Loaded shared library D:\wmw\ferramentas\java\jdk-21\bin\jimage.dll
Event: 0.884 Loaded shared library D:\wmw\ferramentas\java\jdk-21\bin\management.dll
Event: 0.911 Loaded shared library D:\wmw\ferramentas\java\jdk-21\bin\management_ext.dll
Event: 1.746 Loaded shared library D:\wmw\ferramentas\java\jdk-21\bin\sunmscapi.dll
Event: 15.754 Loaded shared library D:\wmw\ferramentas\java\jdk-21\bin\verify.dll
Event: 16.135 Loaded shared library D:\wmw\ferramentas\java\jdk-21\bin\extnet.dll

Deoptimization events (20 events):
Event: 978.475 Thread 0x000001fffd58c480 Uncommon trap: trap_request=0xffffff97 fr.pc=0x000001ffa11f224c relative=0x000000000000010c
Event: 978.475 Thread 0x000001fffd58c480 Uncommon trap: reason=unhandled action=none pc=0x000001ffa11f224c method=jdk.internal.loader.BuiltinClassLoader.loadClass(Ljava/lang/String;Z)Ljava/lang/Class; @ 19 c2
Event: 978.475 Thread 0x000001fffd58c480 DEOPT PACKING pc=0x000001ffa11f224c sp=0x0000005f421fe250
Event: 978.475 Thread 0x000001fffd58c480 DEOPT UNPACKING pc=0x000001ffa0be46a2 sp=0x0000005f421fe170 mode 2
Event: 978.475 Thread 0x000001fffd58c480 DEOPT PACKING pc=0x000001ffa11b0a74 sp=0x0000005f421fe2a0
Event: 978.475 Thread 0x000001fffd58c480 DEOPT UNPACKING pc=0x000001ffa0be4e42 sp=0x0000005f421fd728 mode 1
Event: 978.475 Thread 0x000001fffd58c480 DEOPT PACKING pc=0x000001ffa12845dc sp=0x0000005f421fed00
Event: 978.475 Thread 0x000001fffd58c480 DEOPT UNPACKING pc=0x000001ffa0be4e42 sp=0x0000005f421fe168 mode 1
Event: 978.475 Thread 0x000001fffd58c480 DEOPT PACKING pc=0x000001ff996f74f4 sp=0x0000005f421fee50
Event: 978.475 Thread 0x000001fffd58c480 DEOPT UNPACKING pc=0x000001ffa0be4e42 sp=0x0000005f421fe310 mode 1
Event: 978.475 Thread 0x000001fffd58c480 Uncommon trap: trap_request=0xffffff97 fr.pc=0x000001ffa11f224c relative=0x000000000000010c
Event: 978.475 Thread 0x000001fffd58c480 Uncommon trap: reason=unhandled action=none pc=0x000001ffa11f224c method=jdk.internal.loader.BuiltinClassLoader.loadClass(Ljava/lang/String;Z)Ljava/lang/Class; @ 19 c2
Event: 978.475 Thread 0x000001fffd58c480 DEOPT PACKING pc=0x000001ffa11f224c sp=0x0000005f421fe250
Event: 978.475 Thread 0x000001fffd58c480 DEOPT UNPACKING pc=0x000001ffa0be46a2 sp=0x0000005f421fe170 mode 2
Event: 978.475 Thread 0x000001fffd58c480 DEOPT PACKING pc=0x000001ffa11b0a74 sp=0x0000005f421fe2a0
Event: 978.475 Thread 0x000001fffd58c480 DEOPT UNPACKING pc=0x000001ffa0be4e42 sp=0x0000005f421fd728 mode 1
Event: 978.475 Thread 0x000001fffd58c480 DEOPT PACKING pc=0x000001ffa12845dc sp=0x0000005f421fed00
Event: 978.475 Thread 0x000001fffd58c480 DEOPT UNPACKING pc=0x000001ffa0be4e42 sp=0x0000005f421fe168 mode 1
Event: 978.475 Thread 0x000001fffd58c480 DEOPT PACKING pc=0x000001ff996f74f4 sp=0x0000005f421fee50
Event: 978.475 Thread 0x000001fffd58c480 DEOPT UNPACKING pc=0x000001ffa0be4e42 sp=0x0000005f421fe310 mode 1

Classes loaded (20 events):
Event: 86.182 Loading class java/util/stream/ReferencePipeline$4$1
Event: 86.182 Loading class java/util/stream/ReferencePipeline$4$1 done
Event: 365.215 Loading class java/lang/foreign/MemorySegment
Event: 365.216 Loading class java/lang/foreign/MemorySegment done
Event: 629.645 Loading class java/util/concurrent/locks/AbstractQueuedSynchronizer$SharedNode
Event: 629.646 Loading class java/util/concurrent/locks/AbstractQueuedSynchronizer$SharedNode done
Event: 629.698 Loading class java/util/WeakHashMap$KeyIterator
Event: 629.698 Loading class java/util/WeakHashMap$HashIterator
Event: 629.698 Loading class java/util/WeakHashMap$HashIterator done
Event: 629.698 Loading class java/util/WeakHashMap$KeyIterator done
Event: 629.804 Loading class java/lang/ref/Finalizer$2
Event: 629.819 Loading class java/lang/ref/Finalizer$2 done
Event: 629.819 Loading class java/lang/ref/Finalizer$1
Event: 629.820 Loading class java/lang/ref/Finalizer$1 done
Event: 630.337 Loading class java/util/WeakHashMap$EntrySet
Event: 630.338 Loading class java/util/WeakHashMap$EntrySet done
Event: 630.338 Loading class java/util/WeakHashMap$EntryIterator
Event: 630.338 Loading class java/util/WeakHashMap$EntryIterator done
Event: 812.364 Loading class java/lang/invoke/MethodHandleImpl$CountingWrapper$1
Event: 812.364 Loading class java/lang/invoke/MethodHandleImpl$CountingWrapper$1 done

Classes unloaded (14 events):
Event: 712.227 Thread 0x000001ffb32f91b0 Unloading class 0x000001ffb57f0b40 'org/apache/catalina/loader/JdbcLeakPrevention'
Event: 712.227 Thread 0x000001ffb32f91b0 Unloading class 0x000001ffb57f0800 'jdk/proxy5/$Proxy121'
Event: 811.925 Thread 0x000001ffb32f91b0 Unloading class 0x000001ffb5a01800 'org/apache/catalina/loader/JdbcLeakPrevention'
Event: 811.925 Thread 0x000001ffb32f91b0 Unloading class 0x000001ffb5a00c00 'jdk/proxy7/$Proxy140'
Event: 851.139 Thread 0x000001ffb32f91b0 Unloading class 0x000001ffb5a10340 'org/apache/catalina/loader/JdbcLeakPrevention'
Event: 851.139 Thread 0x000001ffb32f91b0 Unloading class 0x000001ffb5a10000 'jdk/proxy9/$Proxy148'
Event: 925.449 Thread 0x000001ffb32f91b0 Unloading class 0x000001ffb5a26340 'org/apache/catalina/loader/JdbcLeakPrevention'
Event: 925.449 Thread 0x000001ffb32f91b0 Unloading class 0x000001ffb5a26000 'jdk/proxy13/$Proxy164'
Event: 925.449 Thread 0x000001ffb32f91b0 Unloading class 0x000001ffb5a18b40 'org/apache/catalina/loader/JdbcLeakPrevention'
Event: 925.449 Thread 0x000001ffb32f91b0 Unloading class 0x000001ffb5a18800 'jdk/proxy11/$Proxy156'
Event: 940.965 Thread 0x000001ffb32f91b0 Unloading class 0x000001ffb5a39b40 'org/apache/catalina/loader/JdbcLeakPrevention'
Event: 940.965 Thread 0x000001ffb32f91b0 Unloading class 0x000001ffb5a39800 'jdk/proxy15/$Proxy172'
Event: 957.770 Thread 0x000001ffb32f91b0 Unloading class 0x000001ffb5a44b40 'org/apache/catalina/loader/JdbcLeakPrevention'
Event: 957.770 Thread 0x000001ffb32f91b0 Unloading class 0x000001ffb5a44800 'jdk/proxy17/$Proxy180'

Classes redefined (0 events):
No events

Internal exceptions (20 events):
Event: 941.334 Thread 0x000001ffb35530e0 Exception <a 'java/lang/NoClassDefFoundError'{0x0000000684f83760}: org/jooq/DSLContext> (0x0000000684f83760) 
thrown [s\open\src\hotspot\share\oops\constantPool.cpp, line 873]
Event: 941.338 Thread 0x000001ffb35530e0 Exception <a 'java/lang/NoClassDefFoundError'{0x0000000684fd1040}: org/springframework/batch/core/repository/JobRepository> (0x0000000684fd1040) 
thrown [s\open\src\hotspot\share\oops\constantPool.cpp, line 873]
Event: 941.340 Thread 0x000001ffb35530e0 Exception <a 'java/lang/NoClassDefFoundError'{0x0000000684fd1698}: org/quartz/Scheduler> (0x0000000684fd1698) 
thrown [s\open\src\hotspot\share\oops\constantPool.cpp, line 873]
Event: 941.342 Thread 0x000001ffb35530e0 Exception <a 'java/lang/NoClassDefFoundError'{0x0000000684fd1d18}: org/springframework/session/jdbc/JdbcIndexedSessionRepository> (0x0000000684fd1d18) 
thrown [s\open\src\hotspot\share\oops\constantPool.cpp, line 873]
Event: 941.419 Thread 0x000001ffb35530e0 Exception <a 'java/io/FileNotFoundException'{0x0000000699987e48}> (0x0000000699987e48) 
thrown [s\open\src\hotspot\share\prims\jni.cpp, line 520]
Event: 941.692 Thread 0x000001ffb35530e0 Implicit null exception at 0x000001ffa163644c to 0x000001ffa1636b04
Event: 941.809 Thread 0x000001ffb35530e0 Exception <a 'java/io/FileNotFoundException'{0x0000000685772980}> (0x0000000685772980) 
thrown [s\open\src\hotspot\share\prims\jni.cpp, line 520]
Event: 941.975 Thread 0x000001ffb35530e0 Exception <a 'java/net/BindException'{0x000000069585b3e0}: Address already in use: bind> (0x000000069585b3e0) 
thrown [s\open\src\hotspot\share\prims\jni.cpp, line 539]
Event: 957.729 Thread 0x000001ffb3554b20 Exception <a 'java/lang/InterruptedException'{0x0000000685a826e0}: sleep interrupted> (0x0000000685a826e0) 
thrown [s\open\src\hotspot\share\prims\jvm.cpp, line 3074]
Event: 957.841 Thread 0x000001fffd58ebe0 Exception <a 'sun/nio/fs/WindowsException'{0x0000000699867408}> (0x0000000699867408) 
thrown [s\open\src\hotspot\share\prims\jni.cpp, line 520]
Event: 958.223 Thread 0x000001fffd58ebe0 Exception <a 'java/lang/NoClassDefFoundError'{0x0000000684f2c6f8}: org/flywaydb/core/Flyway> (0x0000000684f2c6f8) 
thrown [s\open\src\hotspot\share\oops\constantPool.cpp, line 873]
Event: 958.225 Thread 0x000001fffd58ebe0 Exception <a 'java/lang/NoClassDefFoundError'{0x0000000684f2cd58}: liquibase/integration/spring/SpringLiquibase> (0x0000000684f2cd58) 
thrown [s\open\src\hotspot\share\oops\constantPool.cpp, line 873]
Event: 958.229 Thread 0x000001fffd58ebe0 Exception <a 'java/lang/NoClassDefFoundError'{0x0000000684f5a9f8}: org/jooq/DSLContext> (0x0000000684f5a9f8) 
thrown [s\open\src\hotspot\share\oops\constantPool.cpp, line 873]
Event: 958.231 Thread 0x000001fffd58ebe0 Exception <a 'java/lang/NoClassDefFoundError'{0x0000000684fa77a8}: org/springframework/batch/core/repository/JobRepository> (0x0000000684fa77a8) 
thrown [s\open\src\hotspot\share\oops\constantPool.cpp, line 873]
Event: 958.233 Thread 0x000001fffd58ebe0 Exception <a 'java/lang/NoClassDefFoundError'{0x0000000684fa7e00}: org/quartz/Scheduler> (0x0000000684fa7e00) 
thrown [s\open\src\hotspot\share\oops\constantPool.cpp, line 873]
Event: 958.234 Thread 0x000001fffd58ebe0 Exception <a 'java/lang/NoClassDefFoundError'{0x0000000684fa8480}: org/springframework/session/jdbc/JdbcIndexedSessionRepository> (0x0000000684fa8480) 
thrown [s\open\src\hotspot\share\oops\constantPool.cpp, line 873]
Event: 958.285 Thread 0x000001fffd58ebe0 Exception <a 'java/io/FileNotFoundException'{0x0000000699941918}> (0x0000000699941918) 
thrown [s\open\src\hotspot\share\prims\jni.cpp, line 520]
Event: 958.555 Thread 0x000001fffd58ebe0 Exception <a 'java/io/FileNotFoundException'{0x00000006857254f0}> (0x00000006857254f0) 
thrown [s\open\src\hotspot\share\prims\jni.cpp, line 520]
Event: 958.712 Thread 0x000001fffd58ebe0 Exception <a 'java/net/BindException'{0x0000000695fdc028}: Address already in use: bind> (0x0000000695fdc028) 
thrown [s\open\src\hotspot\share\prims\jni.cpp, line 539]
Event: 964.002 Thread 0x000001fffd58ff90 Implicit null exception at 0x000001ffa11f1300 to 0x000001ffa11f15e8

ZGC Phase Switch (0 events):
No events

VM Operations (20 events):
Event: 968.271 Executing VM operation: get/set locals
Event: 968.271 Executing VM operation: get/set locals done
Event: 968.272 Executing VM operation: get/set locals
Event: 968.272 Executing VM operation: get/set locals done
Event: 968.272 Executing VM operation: get/set locals
Event: 968.272 Executing VM operation: get/set locals done
Event: 968.272 Executing VM operation: get/set locals
Event: 968.272 Executing VM operation: get/set locals done
Event: 968.273 Executing VM operation: get/set locals
Event: 968.273 Executing VM operation: get/set locals done
Event: 968.274 Executing VM operation: get/set locals
Event: 968.274 Executing VM operation: get/set locals done
Event: 968.274 Executing VM operation: get/set locals
Event: 968.275 Executing VM operation: get/set locals done
Event: 977.162 Executing VM operation: ChangeSingleStep
Event: 977.162 Executing VM operation: ChangeSingleStep done
Event: 977.162 Executing VM operation: ChangeSingleStep
Event: 977.162 Executing VM operation: ChangeSingleStep done
Event: 979.175 Executing VM operation: Cleanup
Event: 979.175 Executing VM operation: Cleanup done

Events (20 events):
Event: 958.716 Thread 0x000001fffd590620 Thread added: 0x000001fffd590620
Event: 958.716 Thread 0x000001fffd58a3b0 Thread added: 0x000001fffd58a3b0
Event: 958.717 Thread 0x000001fffd58b760 Thread added: 0x000001fffd58b760
Event: 958.717 Thread 0x000001fffd58aa40 Thread added: 0x000001fffd58aa40
Event: 958.717 Thread 0x000001fffd58d1a0 Thread added: 0x000001fffd58d1a0
Event: 958.717 Thread 0x000001fffd589690 Thread added: 0x000001fffd589690
Event: 958.717 Thread 0x000001fffd58dec0 Thread added: 0x000001fffd58dec0
Event: 958.717 Thread 0x000001fffd58b0d0 Thread added: 0x000001fffd58b0d0
Event: 958.717 Thread 0x000001ffb3552a50 Thread added: 0x000001ffb3552a50
Event: 958.719 Thread 0x000001ffb35530e0 Thread added: 0x000001ffb35530e0
Event: 958.719 Thread 0x000001ffb3553770 Thread added: 0x000001ffb3553770
Event: 958.725 Thread 0x000001fffd58ebe0 Thread exited: 0x000001fffd58ebe0
Event: 958.725 Thread 0x000001fffd58e550 Thread exited: 0x000001fffd58e550
Event: 958.918 Thread 0x000001fffb23dc80 Thread exited: 0x000001fffb23dc80
Event: 958.918 Thread 0x000001fffb23d5b0 Thread exited: 0x000001fffb23d5b0
Event: 964.166 Thread 0x000001fffd589d20 Thread exited: 0x000001fffd589d20
Event: 978.476 Thread 0x000001ffb3553e00 Thread added: 0x000001ffb3553e00
Event: 978.476 Thread 0x000001fffd58c480 Thread exited: 0x000001fffd58c480
Event: 978.477 Thread 0x000001ffb3554490 Thread added: 0x000001ffb3554490
Event: 978.482 Thread 0x000001ffb3553770 Thread exited: 0x000001ffb3553770


Dynamic libraries:
0x00007ff649730000 - 0x00007ff649740000 	D:\wmw\ferramentas\java\jdk-21\bin\javaw.exe
0x00007ffe291f0000 - 0x00007ffe293e8000 	C:\WINDOWS\SYSTEM32\ntdll.dll
0x00007ffe274e0000 - 0x00007ffe275a2000 	C:\WINDOWS\System32\KERNEL32.DLL
0x00007ffe26f10000 - 0x00007ffe27206000 	C:\WINDOWS\System32\KERNELBASE.dll
0x00007ffe26cc0000 - 0x00007ffe26dc0000 	C:\WINDOWS\System32\ucrtbase.dll
0x00007ffe15750000 - 0x00007ffe15769000 	D:\wmw\ferramentas\java\jdk-21\bin\jli.dll
0x00007ffe158d0000 - 0x00007ffe158eb000 	D:\wmw\ferramentas\java\jdk-21\bin\VCRUNTIME140.dll
0x00007ffe27e30000 - 0x00007ffe27ee1000 	C:\WINDOWS\System32\ADVAPI32.dll
0x00007ffe27210000 - 0x00007ffe272ae000 	C:\WINDOWS\System32\msvcrt.dll
0x00007ffe28d40000 - 0x00007ffe28ddf000 	C:\WINDOWS\System32\sechost.dll
0x00007ffe27c50000 - 0x00007ffe27d73000 	C:\WINDOWS\System32\RPCRT4.dll
0x00007ffe26e60000 - 0x00007ffe26e87000 	C:\WINDOWS\System32\bcrypt.dll
0x00007ffe272b0000 - 0x00007ffe2744d000 	C:\WINDOWS\System32\USER32.dll
0x00007ffe26880000 - 0x00007ffe268a2000 	C:\WINDOWS\System32\win32u.dll
0x00007ffe29060000 - 0x00007ffe2908b000 	C:\WINDOWS\System32\GDI32.dll
0x00007ffe26a10000 - 0x00007ffe26b29000 	C:\WINDOWS\System32\gdi32full.dll
0x00007ffe26dc0000 - 0x00007ffe26e5d000 	C:\WINDOWS\System32\msvcp_win.dll
0x00007ffe141a0000 - 0x00007ffe1443a000 	C:\WINDOWS\WinSxS\amd64_microsoft.windows.common-controls_6595b64144ccf1df_6.0.19041.5915_none_60b4b9d171f9c7c7\COMCTL32.dll
0x00007ffe20f70000 - 0x00007ffe20f7a000 	C:\WINDOWS\SYSTEM32\VERSION.dll
0x00007ffe27d80000 - 0x00007ffe27daf000 	C:\WINDOWS\System32\IMM32.DLL
0x00007ffe15740000 - 0x00007ffe1574c000 	D:\wmw\ferramentas\java\jdk-21\bin\vcruntime140_1.dll
0x00007ffdf38d0000 - 0x00007ffdf395e000 	D:\wmw\ferramentas\java\jdk-21\bin\msvcp140.dll
0x00007ffda6db0000 - 0x00007ffda7aca000 	D:\wmw\ferramentas\java\jdk-21\bin\server\jvm.dll
0x00007ffe29140000 - 0x00007ffe291ab000 	C:\WINDOWS\System32\WS2_32.dll
0x00007ffe26290000 - 0x00007ffe262db000 	C:\WINDOWS\SYSTEM32\POWRPROF.dll
0x00007ffe13ae0000 - 0x00007ffe13b07000 	C:\WINDOWS\SYSTEM32\WINMM.dll
0x00007ffe26270000 - 0x00007ffe26282000 	C:\WINDOWS\SYSTEM32\UMPDC.dll
0x00007ffe246e0000 - 0x00007ffe246f2000 	C:\WINDOWS\SYSTEM32\kernel.appcore.dll
0x00007ffe15730000 - 0x00007ffe1573a000 	D:\wmw\ferramentas\java\jdk-21\bin\jimage.dll
0x00007ffe11b80000 - 0x00007ffe11d81000 	C:\WINDOWS\SYSTEM32\DBGHELP.DLL
0x00007ffe11b20000 - 0x00007ffe11b54000 	C:\WINDOWS\SYSTEM32\dbgcore.DLL
0x00007ffe26b30000 - 0x00007ffe26bb2000 	C:\WINDOWS\System32\bcryptPrimitives.dll
0x00007ffded3f0000 - 0x00007ffded42c000 	D:\wmw\ferramentas\java\jdk-21\bin\jdwp.dll
0x00007ffe15720000 - 0x00007ffe1572f000 	D:\wmw\ferramentas\java\jdk-21\bin\instrument.dll
0x00007ffe15700000 - 0x00007ffe1571f000 	D:\wmw\ferramentas\java\jdk-21\bin\java.dll
0x00007ffe27ef0000 - 0x00007ffe2865e000 	C:\WINDOWS\System32\SHELL32.dll
0x00007ffe248e0000 - 0x00007ffe25084000 	C:\WINDOWS\SYSTEM32\windows.storage.dll
0x00007ffe28670000 - 0x00007ffe289c3000 	C:\WINDOWS\System32\combase.dll
0x00007ffe26100000 - 0x00007ffe2612b000 	C:\WINDOWS\SYSTEM32\Wldp.dll
0x00007ffe28a90000 - 0x00007ffe28b5d000 	C:\WINDOWS\System32\OLEAUT32.dll
0x00007ffe29090000 - 0x00007ffe2913d000 	C:\WINDOWS\System32\SHCORE.dll
0x00007ffe28bc0000 - 0x00007ffe28c1b000 	C:\WINDOWS\System32\shlwapi.dll
0x00007ffe267b0000 - 0x00007ffe267d5000 	C:\WINDOWS\SYSTEM32\profapi.dll
0x00007ffdf0900000 - 0x00007ffdf09d7000 	D:\wmw\ferramentas\java\jdk-21\bin\jsvml.dll
0x00007ffe0ff60000 - 0x00007ffe0ff6c000 	D:\wmw\ferramentas\java\jdk-21\bin\dt_socket.dll
0x00007ffe25be0000 - 0x00007ffe25c1b000 	C:\WINDOWS\SYSTEM32\IPHLPAPI.DLL
0x00007ffe25ee0000 - 0x00007ffe25f4a000 	C:\WINDOWS\system32\mswsock.dll
0x00007ffe25c20000 - 0x00007ffe25cea000 	C:\WINDOWS\SYSTEM32\DNSAPI.dll
0x00007ffe28df0000 - 0x00007ffe28df8000 	C:\WINDOWS\System32\NSI.dll
0x00000000523a0000 - 0x00000000523c6000 	C:\Program Files\Bonjour\mdnsNSP.dll
0x00007ffe1b990000 - 0x00007ffe1b99a000 	C:\Windows\System32\rasadhlp.dll
0x00007ffe1e7e0000 - 0x00007ffe1e860000 	C:\WINDOWS\System32\fwpuclnt.dll
0x00007ffe15550000 - 0x00007ffe15568000 	D:\wmw\ferramentas\java\jdk-21\bin\zip.dll
0x00007ffe15950000 - 0x00007ffe15960000 	D:\wmw\ferramentas\java\jdk-21\bin\net.dll
0x00007ffe20010000 - 0x00007ffe2011a000 	C:\WINDOWS\SYSTEM32\WINHTTP.dll
0x00007ffe13b80000 - 0x00007ffe13b96000 	D:\wmw\ferramentas\java\jdk-21\bin\nio.dll
0x00007ffe15840000 - 0x00007ffe1584a000 	D:\wmw\ferramentas\java\jdk-21\bin\management.dll
0x00007ffe15830000 - 0x00007ffe1583b000 	D:\wmw\ferramentas\java\jdk-21\bin\management_ext.dll
0x00007ffe28de0000 - 0x00007ffe28de8000 	C:\WINDOWS\System32\PSAPI.DLL
0x00007ffe13100000 - 0x00007ffe1310e000 	D:\wmw\ferramentas\java\jdk-21\bin\sunmscapi.dll
0x00007ffe268b0000 - 0x00007ffe26a0d000 	C:\WINDOWS\System32\CRYPT32.dll
0x00007ffe26320000 - 0x00007ffe26347000 	C:\WINDOWS\SYSTEM32\ncrypt.dll
0x00007ffe262e0000 - 0x00007ffe2631b000 	C:\WINDOWS\SYSTEM32\NTASN1.dll
0x00007ffe26140000 - 0x00007ffe26158000 	C:\WINDOWS\SYSTEM32\CRYPTSP.dll
0x00007ffe25820000 - 0x00007ffe25858000 	C:\WINDOWS\system32\rsaenh.dll
0x00007ffe26730000 - 0x00007ffe2675e000 	C:\WINDOWS\SYSTEM32\USERENV.dll
0x00007ffe26070000 - 0x00007ffe2607c000 	C:\WINDOWS\SYSTEM32\CRYPTBASE.dll
0x00007ffe15540000 - 0x00007ffe15550000 	D:\wmw\ferramentas\java\jdk-21\bin\verify.dll
0x00007ffe0f970000 - 0x00007ffe0f979000 	D:\wmw\ferramentas\java\jdk-21\bin\extnet.dll
0x00007ffdfe230000 - 0x00007ffdfe237000 	C:\WINDOWS\system32\wshunix.dll

dbghelp: loaded successfully - version: 4.0.5 - missing functions: none
symbol engine: initialized successfully - sym options: 0x614 - pdb path: .;D:\wmw\ferramentas\java\jdk-21\bin;C:\WINDOWS\SYSTEM32;C:\WINDOWS\WinSxS\amd64_microsoft.windows.common-controls_6595b64144ccf1df_6.0.19041.5915_none_60b4b9d171f9c7c7;D:\wmw\ferramentas\java\jdk-21\bin\server;C:\Program Files\Bonjour

VM Arguments:
jvm_args: -XX:+ShowCodeDetailsInExceptionMessages -agentlib:jdwp=transport=dt_socket,suspend=y,address=localhost:63759 -javaagent:D:\wmw\ferramentas\jee-2023-03\eclipse\configuration\org.eclipse.osgi\1345\0\.cp\lib\javaagent-shaded.jar -Dfile.encoding=UTF-8 
java_command: br.com.bellaface.vendas.VendasApplication
java_class_path (initial): D:\wmw\projetos\vendas-backend\target\classes;C:\Users\WMW\.m2\repository\org\springframework\boot\spring-boot-starter-data-jpa\3.5.0\spring-boot-starter-data-jpa-3.5.0.jar;C:\Users\WMW\.m2\repository\org\springframework\boot\spring-boot-starter\3.5.0\spring-boot-starter-3.5.0.jar;C:\Users\WMW\.m2\repository\org\springframework\boot\spring-boot-starter-logging\3.5.0\spring-boot-starter-logging-3.5.0.jar;C:\Users\WMW\.m2\repository\ch\qos\logback\logback-classic\1.5.18\logback-classic-1.5.18.jar;C:\Users\WMW\.m2\repository\ch\qos\logback\logback-core\1.5.18\logback-core-1.5.18.jar;C:\Users\WMW\.m2\repository\org\apache\logging\log4j\log4j-to-slf4j\2.24.3\log4j-to-slf4j-2.24.3.jar;C:\Users\WMW\.m2\repository\org\apache\logging\log4j\log4j-api\2.24.3\log4j-api-2.24.3.jar;C:\Users\WMW\.m2\repository\org\slf4j\jul-to-slf4j\2.0.17\jul-to-slf4j-2.0.17.jar;C:\Users\WMW\.m2\repository\jakarta\annotation\jakarta.annotation-api\2.1.1\jakarta.annotation-api-2.1.1.jar;C:\Users\WMW\.m2\repository\org\yaml\snakeyaml\2.4\snakeyaml-2.4.jar;C:\Users\WMW\.m2\repository\org\springframework\boot\spring-boot-starter-jdbc\3.5.0\spring-boot-starter-jdbc-3.5.0.jar;C:\Users\WMW\.m2\repository\com\zaxxer\HikariCP\6.3.0\HikariCP-6.3.0.jar;C:\Users\WMW\.m2\repository\org\springframework\spring-jdbc\6.2.7\spring-jdbc-6.2.7.jar;C:\Users\WMW\.m2\repository\org\hibernate\orm\hibernate-core\6.6.15.Final\hibernate-core-6.6.15.Final.jar;C:\Users\WMW\.m2\repository\jakarta\persistence\jakarta.persistence-api\3.1.0\jakarta.persistence-api-3.1.0.jar;C:\Users\WMW\.m2\repository\jakarta\transaction\jakarta.transaction-api\2.0.1\jakarta.transaction-api-2.0.1.jar;C:\Users\WMW\.m2\repository\org\jboss\logging\jboss-logging\3.6.1.Final\jboss-logging-3.6.1.Final.jar;C:\Users\WMW\.m2\repository\org\hibernate\common\hibernate-commons-annotations\7.0.3.Final\hibernate-commons-annotations-7.0.3.Final.jar;C:\Users\WMW\.m2\repository\io\smallrye\jandex\3.2.0\jandex-3.2.0.jar;C:\Users\WMW\.m2\repository\com\fasterxml\classmate\1.7.0\classmate-1.7.0.jar;C:\Users\WMW\.m2\repository\net\bytebuddy\byte-buddy\1.17.5\byte-buddy-1.17.5.jar;C:\Users\WMW\.m2\repository\org\glassfish\jaxb\jaxb-runtime\4.0.5\jaxb-runtime-4.0.5.jar;C:\Users\WMW\.m2\repository\org\glassfish\jaxb\jaxb-core\4.0.5\jaxb-core-4.0.5.jar;C:\Users\WMW\.m2\repository\org\eclipse\angus\angus-activation\2.0.2\angus-activation-2.0.2.jar;C:\Users\WMW\.m2\repository\org\glassfish\jaxb\txw2\4.0.5\txw2-4.0.5.jar;C:\Users\WMW\.m2\repository\com\sun\istack\istack-commons-runtime\4.1.2\istack-commons-runtime-4.1.2.jar;C:\Users\WMW\.m2\repository\jakarta\inject\jakarta.inject-api\2.0.1\jakarta.inject-api-2.0.1.jar;C:\Users\WMW\.m2\repository\org\antlr\antlr4-runtime\4.13.0\antlr4-runtime-4.13.0.jar;C:\Users\WMW\.m2\repository\org\springframework\data\spring-data-jpa\3.5.0\spring-data-jpa-3.5.0.jar;C:\Users\WMW\.m2\repository\org\springframework\data\spring-data-commons\3.5.0\spring-data-commons-3.5.0.jar;C:\Users\WMW\.m2\repository\org\springframework\spring-orm\6.2.7\spring-orm-6.2.7.jar;C:\Users\WMW\.m2\repository\org\springframework\spring-context\6.2.7\spring-context-6.2.7.jar;C:\Users\WMW\.m2\repository\org\springframework\spring-tx\6.2.7\spring-tx-6.2.7.jar;C:\Users\WMW\.m2\repository\org\springframework\spring-beans\6.2.7\spring-beans-6.2.7.jar;C:\Users\WMW\.m2\repository\org\slf4j\slf4j-api\2.0.17\slf4j-api-2.0.17.jar;C:\Users\WMW\.m2\repository\org\springframework\spring-aspects\6.2.7\spring-aspects-6.2.7.jar;C:\Users\WMW\.m2\repository\org\aspectj\aspectjweaver\1.9.24\aspectjweaver-1.9.24.jar;C:\Users\WMW\.m2\repository\org\springframework\boot\spring-boot-starter-web\3.5.0\spring-boot-starter-web-3.5.0.jar;C:\Users\WMW\.m2\repository\org\springframework\boot\spring-boot-starter-json\3.5.0\spring-boot-starter-json-3.5.0.jar;C:\Users\WMW\.m2\repository\com\fasterxml\jackson\datatype\jackson-datatype-jdk8\2.19.0\jackson-datatype-jdk8-2.19.0.jar;C:\Users\WMW\.m2\repository\com\fasterxml\jackson\datatype\jackson-datatype-jsr310\2.19.0\jackson-datatype-jsr310-2.19.0.jar;C:\Users\WMW\.m2\repository\com\fasterxml\jackson\module\jackson-module-parameter-names\2.19.0\jackson-module-parameter-names-2.19.0.jar;C:\Users\WMW\.m2\repository\org\springframework\boot\spring-boot-starter-tomcat\3.5.0\spring-boot-starter-tomcat-3.5.0.jar;C:\Users\WMW\.m2\repository\org\apache\tomcat\embed\tomcat-embed-core\10.1.41\tomcat-embed-core-10.1.41.jar;C:\Users\WMW\.m2\repository\org\apache\tomcat\embed\tomcat-embed-el\10.1.41\tomcat-embed-el-10.1.41.jar;C:\Users\WMW\.m2\repository\org\apache\tomcat\embed\tomcat-embed-websocket\10.1.41\tomcat-embed-websocket-10.1.41.jar;C:\Users\WMW\.m2\repository\org\springframework\spring-web\6.2.7\spring-web-6.2.7.jar;C:\Users\WMW\.m2\repository\io\micrometer\micrometer-observation\1.15.0\micrometer-observation-1.15.0.jar;C:\Users\WMW\.m2\repository\io\micrometer\micrometer-commons\1.15.0\micrometer-commons-1.15.0.jar;C:\Users\WMW\.m2\repository\org\springframework\spring-webmvc\6.2.7\spring-webmvc-6.2.7.jar;C:\Users\WMW\.m2\repository\org\springframework\spring-expression\6.2.7\spring-expression-6.2.7.jar;C:\Users\WMW\.m2\repository\org\springframework\boot\spring-boot-devtools\3.5.0\spring-boot-devtools-3.5.0.jar;C:\Users\WMW\.m2\repository\org\springframework\boot\spring-boot\3.5.0\spring-boot-3.5.0.jar;C:\Users\WMW\.m2\repository\org\springframework\boot\spring-boot-autoconfigure\3.5.0\spring-boot-autoconfigure-3.5.0.jar;C:\Users\WMW\.m2\repository\org\postgresql\postgresql\42.7.5\postgresql-42.7.5.jar;C:\Users\WMW\.m2\repository\org\checkerframework\checker-qual\3.48.3\checker-qual-3.48.3.jar;C:\Users\WMW\.m2\repository\org\projectlombok\lombok\1.18.38\lombok-1.18.38.jar;C:\Users\WMW\.m2\repository\com\auth0\java-jwt\4.5.0\java-jwt-4.5.0.jar;C:\Users\WMW\.m2\repository\com\fasterxml\jackson\core\jackson-core\2.19.0\jackson-core-2.19.0.jar;C:\Users\WMW\.m2\repository\com\fasterxml\jackson\core\jackson-databind\2.19.0\jackson-databind-2.19.0.jar;C:\Users\WMW\.m2\repository\com\fasterxml\jackson\core\jackson-annotations\2.19.0\jackson-annotations-2.19.0.jar;C:\Users\WMW\.m2\repository\org\springframework\security\spring-security-core\6.5.0\spring-security-core-6.5.0.jar;C:\Users\WMW\.m2\repository\org\springframework\security\spring-security-crypto\6.5.0\spring-security-crypto-6.5.0.jar;C:\Users\WMW\.m2\repository\org\springframework\security\spring-security-web\6.5.0\spring-security-web-6.5.0.jar;C:\Users\WMW\.m2\repository\org\springframework\spring-core\6.2.7\spring-core-6.2.7.jar;C:\Users\WMW\.m2\repository\org\springframework\spring-jcl\6.2.7\spring-jcl-6.2.7.jar;C:\Users\WMW\.m2\repository\org\springframework\boot\spring-boot-starter-security\3.5.0\spring-boot-starter-security-3.5.0.jar;C:\Users\WMW\.m2\repository\org\springframework\spring-aop\6.2.7\spring-aop-6.2.7.jar;C:\Users\WMW\.m2\repository\org\springframework\security\spring-security-config\6.5.0\spring-security-config-6.5.0.jar;C:\Users\WMW\.m2\repository\jakarta\xml\bind\jakarta.xml.bind-api\4.0.2\jakarta.xml.bind-api-4.0.2.jar;C:\Users\WMW\.m2\repository\jakarta\activation\jakarta.activation-api\2.1.3\jakarta.activation-api-2.1.3.jar
Launcher Type: SUN_STANDARD

[Global flags]
     intx CICompilerCount                          = 4                                         {product} {ergonomic}
     uint ConcGCThreads                            = 2                                         {product} {ergonomic}
     uint G1ConcRefinementThreads                  = 8                                         {product} {ergonomic}
   size_t G1HeapRegionSize                         = 4194304                                   {product} {ergonomic}
    uintx GCDrainStackTargetSize                   = 64                                        {product} {ergonomic}
   size_t InitialHeapSize                          = 402653184                                 {product} {ergonomic}
   size_t MarkStackSize                            = 4194304                                   {product} {ergonomic}
   size_t MaxHeapSize                              = 6413090816                                {product} {ergonomic}
   size_t MaxNewSize                               = 3846176768                                {product} {ergonomic}
   size_t MinHeapDeltaBytes                        = 4194304                                   {product} {ergonomic}
   size_t MinHeapSize                              = 8388608                                   {product} {ergonomic}
    uintx NonNMethodCodeHeapSize                   = 5839372                                {pd product} {ergonomic}
    uintx NonProfiledCodeHeapSize                  = 122909434                              {pd product} {ergonomic}
    uintx ProfiledCodeHeapSize                     = 122909434                              {pd product} {ergonomic}
    uintx ReservedCodeCacheSize                    = 251658240                              {pd product} {ergonomic}
     bool SegmentedCodeCache                       = true                                      {product} {ergonomic}
     bool ShowCodeDetailsInExceptionMessages       = true                                   {manageable} {command line}
   size_t SoftMaxHeapSize                          = 6413090816                             {manageable} {ergonomic}
     bool UseCompressedOops                        = true                           {product lp64_product} {ergonomic}
     bool UseG1GC                                  = true                                      {product} {ergonomic}
     bool UseLargePagesIndividualAllocation        = false                                  {pd product} {ergonomic}

Logging:
Log output configuration:
 #0: stdout all=warning uptime,level,tags foldmultilines=false
 #1: stderr all=off uptime,level,tags foldmultilines=false

Environment Variables:
JAVA_HOME=D:\wmw\ferramentas\java\jdk17
PATH=D:\wmw\ferramentas\databases\oracle-11\app\product\11.2.0\dbhome_1\bin;C:\Program Files\Microsoft MPI\Bin\;C:\Program Files\Common Files\Oracle\Java\javapath;C:\Program Files (x86)\Common Files\Oracle\Java\javapath;C:\Program Files (x86)\Intel\iCLS Client\;C:\Program Files\Intel\iCLS Client\;C:\WINDOWS\system32;C:\WINDOWS;C:\WINDOWS\System32\Wbem;C:\WINDOWS\System32\WindowsPowerShell\v1.0\;C:\Program Files (x86)\Intel\Intel(R) Management Engine Components\DAL;C:\Program Files\Intel\Intel(R) Management Engine Components\DAL;C:\Program Files (x86)\Intel\Intel(R) Management Engine Components\IPT;C:\Program Files\Intel\Intel(R) Management Engine Components\IPT;C:\WINDOWS\System32\OpenSSH\;D:\wmw\ferramentas\java\jdk17\bin;C:\Program Files\Microsoft SQL Server\Client SDK\ODBC\130\Tools\Binn\;C:\Program Files (x86)\Common Files\Acronis\SnapAPI\;C:\flutter\bin;C:\Program Files (x86)\Microsoft SQL Server\160\DTS\Binn\;C:\Program Files\Azure Data Studio\bin;C:\WMW\Ferramentas\apache-maven-3.6.3\bin;C:\Program Files (x86)\Yarn\bin\;C:\Program Files (x86)\Microsoft SQL Server\160\Tools\Binn\;C:\Program Files\Microsoft SQL Server\160\Tools\Binn\;C:\Program Files\Microsoft SQL Server\Client SDK\ODBC\170\Tools\Binn\;C:\Program Files\Microsoft SQL Server\160\DTS\Binn\;D:\wmw\ferramentas\databases\oracle-11\app\oracle\product\11.2.0\server\bin;C:\Program Files\nodejs\;D:\WMW\Ferramentas\TortoiseGit\bin;C:\Program Files\Docker\Docker\resources\bin;d:\WMW\Ferramentas\apache-maven-3.6.3;d:\WMW\Ferramentas\apache-maven-3.6.3\bin;C:\Program Files (x86)\Common Files\Oracle\Java\javapath;C:\Program Files (x86)\Intel\iCLS Client\;C:\Program Files\Intel\iCLS Client\;C:\WINDOWS\system32;C:\WINDOWS;C:\WINDOWS\System32\Wbem;C:\WINDOWS\System32\WindowsPowerShell\v1.0\;C:\Program Files (x86)\Intel\Intel(R) Management Engine Components\DAL;C:\Program Files\Intel\Intel(R) Management Engine Components\DAL;C:\Program Files (x86)\Intel\Intel(R) Management Engine Components\IPT;C:\Program Files\Intel\Intel(R) Management Engine Components\IPT;C:\WINDOWS\System32\OpenSSH\;C:\WMW\Ferramentas\Java\jdk1.8.0_251\bin;C:\Program Files\Microsoft SQL Server\Client SDK\ODBC\130\Tools\Binn\;C:\Program Files\Microsoft SQL Server\Client SDK\ODBC\170\Tools\Binn\;C:\Program Files (x86)\Microsoft SQL Server\150\Tools\Binn\;C:\Program Files\Microsoft SQL Server\150\Tools\Binn\;C:\Program Files\Microsoft SQL Server\150\DTS\Binn\;C:\Program Files (x86)\Microsoft SQL Server\Client SDK\ODBC\130\Too;C:\Users\WMW\AppData\Local\GitHubDesktop\bi;C:\Users\WMW\AppData\Local\Programs\Microsoft VS Code\bin;C:\Users\WMW\AppData\Local\GitHubDesktop\bin;C:\Users\WMW\AppData\Roaming\npm
USERNAME=WMW
OS=Windows_NT
PROCESSOR_IDENTIFIER=Intel64 Family 6 Model 158 Stepping 9, GenuineIntel
TMP=C:\Users\WMW\AppData\Local\Temp
TEMP=C:\Users\WMW\AppData\Local\Temp




Periodic native trim disabled

---------------  S Y S T E M  ---------------

OS:
 Windows 10 , 64 bit Build 19041 (10.0.19041.5915)
OS uptime: 2 days 4:32 hours
Hyper-V role detected

CPU: total 8 (initial active 8) (4 cores per cpu, 2 threads per core) family 6 model 158 stepping 9 microcode 0xf6, cx8, cmov, fxsr, ht, mmx, 3dnowpref, sse, sse2, sse3, ssse3, sse4.1, sse4.2, popcnt, lzcnt, tsc, tscinvbit, avx, avx2, aes, erms, clmul, bmi1, bmi2, rtm, adx, fma, vzeroupper, clflush, clflushopt, hv, rdtscp, f16c
Processor Information for all 8 processors :
  Max Mhz: 3600, Current Mhz: 3600, Mhz Limit: 3600

Memory: 4k page, system-wide physical 24459M (8625M free)
TotalPageFile size 32139M (AvailPageFile size 8486M)
current process WorkingSet (physical memory assigned to process): 276M, peak: 342M
current process commit charge ("private bytes"): 314M, peak: 564M

vm_info: Java HotSpot(TM) 64-Bit Server VM (21.0.6+8-LTS-188) for windows-amd64 JRE (21.0.6+8-LTS-188), built on 2024-12-03T10:50:54Z by "mach5one" with MS VC++ 17.6 (VS2022)

END.
